<?xml version="1.0" encoding="UTF-8"?>
<!-- Generated by org.testng.reporters.JUnitXMLReporter -->
<testsuite ignored="4" hostname="DESKTOP-JFOJPK2" failures="0" tests="1" name="Default test" time="0.469" errors="0" timestamp="2025-05-03T00:14:18 IST">
  <testcase classname="com.restassured.RestAssuredClass" name="serialization_De" time="0.412"/>
  <testcase classname="com.restassured.RestAssuredClass" name="pojoMethod" time="0.0">
    <ignored/>
  </testcase> <!-- pojoMethod -->
  <testcase classname="com.restassured.RestAssuredClass" name="fileMethod" time="0.0">
    <ignored/>
  </testcase> <!-- fileMethod -->
  <testcase classname="com.restassured.RestAssuredClass" name="mapMethod" time="0.0">
    <ignored/>
  </testcase> <!-- mapMethod -->
  <testcase classname="com.restassured.RestAssuredClass" name="jsonMethod" time="0.0">
    <ignored/>
  </testcase> <!-- jsonMethod -->
</testsuite> <!-- Default test -->
